<?xml version="1.0" encoding="UTF-8"?>
<testsuite xmlns:xsi="http://www.w3.org/2001/XMLSchema-instance" xsi:noNamespaceSchemaLocation="https://maven.apache.org/surefire/maven-surefire-plugin/xsd/surefire-test-report.xsd" name="com.brightflore-solutions.app.AppTest" time="0.014" tests="1" errors="1" skipped="0" failures="0">
  <properties>
[...]
</properties>
  <testcase name="shouldAnswerWithTrue" classname="com.brightflore-solutions.app.AppTest" time="0.002">
    <error message="Unresolved compilation problems: &#10;	The declared package &quot;com.brightflore&quot; does not match the expected package &quot;com.brightflore-solutions.app&quot;&#10;	Syntax error on token &quot;-&quot;, . expected&#10;" type="java.lang.Error"><![CDATA[java.lang.Error: 
Unresolved compilation problems: 
	The declared package "com.brightflore" does not match the expected package "com.brightflore-solutions.app"
	Syntax error on token "-", . expected

	at com.brightflore-solutions.app.AppTest.<init>(AppTest.java:1)
]]></error>
  </testcase>
</testsuite>